
> dra-heloisa-pavanello-landing@1.0.0 dev
> next dev

   ▲ Next.js 15.5.19
   - Local:        http://localhost:3000
   - Network:      http://192.168.100.95:3000

 ✓ Starting...
 ✓ Ready in 2.3s
 ○ Compiling / ...
 ✓ Compiled / in 3.4s (1445 modules)
 GET / 200 in 4033ms
 GET / 200 in 300ms
 GET / 200 in 213ms
 ✓ Compiled in 651ms (1445 modules)
 GET / 200 in 181ms
 ○ Compiling /_error ...
 ✓ Compiled /_error in 2.7s (1778 modules)
 GET / 200 in 1728ms
 GET / 200 in 24ms
 GET / 500 in 7714ms
 ✓ Compiled in 1539ms (1792 modules)
 ✓ Compiled in 573ms (1792 modules)
 ✓ Compiled in 425ms (1792 modules)
 ✓ Compiled in 1088ms (1794 modules)
 ✓ Compiled in 526ms (1796 modules)
 ✓ Compiled in 515ms (1796 modules)
 ✓ Compiled in 871ms (1796 modules)
 ✓ Compiled in 746ms (1796 modules)
 ✓ Compiled in 145ms (836 modules)
 ✓ Compiled in 283ms (1796 modules)
 GET / 200 in 210ms
 GET / 200 in 319ms
 ✓ Compiled in 2.2s (1796 modules)
